Error loading session: System.InvalidOperationException: Some saved photos are missing or inaccessible.
   at Picksy.MainForm.LoadSession(String stateFilePath, ValueTuple`4 savedSettings) in C:\Users\Will\Documents\Coding\Picksy\MainForm.cs:line 282
File: C:\Users\Will\Documents\Coding\Picksy Photos\Select\picksy_state.json
Timestamp: 5/10/2025 9:49:50 AM[5/15/2025 3:33:13 PM] Error loading embedded font: System.IO.FileNotFoundException: Embedded font resource 'Montserrat-SemiBold.ttf' not found.
   at Picksy.MainForm.LoadEmbeddedFont() in C:\Users\Will\Documents\Coding\Picksy\MainForm.cs:line 152
[5/15/2025 3:33:19 PM] Error applying embedded font: System.IndexOutOfRangeException: Index was outside the bounds of the array.
   at Picksy.MainForm.ApplyMontserratFont() in C:\Users\Will\Documents\Coding\Picksy\MainForm.cs:line 182
[5/15/2025 3:36:20 PM] Error loading embedded font: System.IO.FileNotFoundException: Embedded font resource 'Montserrat-SemiBold.ttf' not found.
   at Picksy.MainForm.LoadEmbeddedFont() in C:\Users\Will\Documents\Coding\Picksy\MainForm.cs:line 152
[5/15/2025 3:36:20 PM] Error applying embedded font: System.IndexOutOfRangeException: Index was outside the bounds of the array.
   at Picksy.MainForm.ApplyMontserratFont() in C:\Users\Will\Documents\Coding\Picksy\MainForm.cs:line 182
[5/21/2025 2:39:27 PM] Error loading images: System.IO.FileNotFoundException: C:\Users\Will\Documents\Coding\Picksy Photos\Select\1.jpg
   at System.Drawing.Image.FromFile(String filename, Boolean useEmbeddedColorManagement)
   at Picksy.MainForm.UpdateTournamentUI() in C:\Users\Will\Documents\Coding\Picksy\MainForm.cs:line 726
[5/21/2025 2:39:27 PM] Error loading images: System.IO.FileNotFoundException: C:\Users\Will\Documents\Coding\Picksy Photos\Select\6.jpg
   at System.Drawing.Image.FromFile(String filename, Boolean useEmbeddedColorManagement)
   at Picksy.MainForm.UpdateTournamentUI() in C:\Users\Will\Documents\Coding\Picksy\MainForm.cs:line 728
[5/21/2025 2:39:27 PM] Error loading images: System.IO.FileNotFoundException: C:\Users\Will\Documents\Coding\Picksy Photos\Select\sdfg.jpg
   at System.Drawing.Image.FromFile(String filename, Boolean useEmbeddedColorManagement)
   at Picksy.MainForm.UpdateTournamentUI() in C:\Users\Will\Documents\Coding\Picksy\MainForm.cs:line 728
