[5/11/2025 8:40:54 AM] LoadSession: Found 7 new photos, grouped into 0 valid batches.
[5/11/2025 8:42:00 AM] LoadSession: Found 6 new photos, grouped into 0 valid batches.
[5/11/2025 4:07:32 PM] LoadSession: Found 10 new photos, grouped into 0 valid batches.
[5/11/2025 4:44:05 PM] LoadSession: Found 10 new photos, grouped into 0 valid batches.
[5/11/2025 5:48:44 PM] StartTournament: progressBar.ForeColor = Blue
[5/11/2025 6:06:10 PM] StartTournament: progressBar.ForeColor = Blue
[5/11/2025 6:10:36 PM] StartTournament: progressBar.ForeColor = Blue
[5/13/2025 12:20:06 PM] LoadSession: Found 4 new photos, grouped into 1 valid batches.
[5/14/2025 8:52:31 PM] LoadSession: Found 20 new photos, grouped into 2 valid batches.
[5/14/2025 8:55:54 PM] LoadSession: Found 31 new photos, grouped into 7 valid batches.
[5/15/2025 2:55:42 PM] LoadSession: Found 8 new photos, grouped into 2 valid batches.
[5/15/2025 3:42:55 PM] LoadSession: Found 11 new photos, grouped into 2 valid batches.

[5/15/2025 3:48:44 PM] LoadSession Debug:
Total photos in folder: 11
Processed photos count: 0
New photos found: 11
New photos list:
- 20200206_162100.jpg
- 20200206_162335.jpg
- 20200301_074154.jpg
- 20250122_171155.jpg
- 20250122_171156.jpg
- 20250122_171159.jpg
- 20250122_171222_001.jpg
- 20250122_171223_007.jpg
- 20250122_171229_001.jpg
- 20250122_171237_001.jpg
- 20250122_171237_002.jpg

Batch grouping results:
Initial batches created: 2
Valid batches (after minimum size filter): 2
[5/15/2025 3:48:44 PM] LoadSession: Found 11 new photos, grouped into 2 valid batches.

[5/15/2025 3:51:13 PM] LoadSession Debug:
Total photos in folder: 10
Processed photos count: 0
New photos found: 10
New photos list:
- 20200206_162100.jpg
- 20200301_074154.jpg
- 20250122_171155.jpg
- 20250122_171156.jpg
- 20250122_171159.jpg
- 20250122_171222_001.jpg
- 20250122_171223_007.jpg
- 20250122_171229_001.jpg
- 20250122_171237_001.jpg
- 20250122_171237_002.jpg

Batch grouping results:
Initial batches created: 1
Valid batches (after minimum size filter): 1
[5/15/2025 3:51:13 PM] LoadSession: Found 10 new photos, grouped into 1 valid batches.

[5/15/2025 3:51:30 PM] LoadSession Debug:
Total photos in folder: 10
Processed photos count: 0
New photos found: 10
New photos list:
- 20200206_162100.jpg
- 20200301_074154.jpg
- 20250122_171155.jpg
- 20250122_171156.jpg
- 20250122_171159.jpg
- 20250122_171222_001.jpg
- 20250122_171223_007.jpg
- 20250122_171229_001.jpg
- 20250122_171237_001.jpg
- 20250122_171237_002.jpg

Batch grouping results:
Initial batches created: 1
Valid batches (after minimum size filter): 1
[5/15/2025 3:51:30 PM] LoadSession: Found 10 new photos, grouped into 1 valid batches.

[5/15/2025 3:51:57 PM] LoadSession Debug:
Total photos in folder: 5
Processed photos count: 0
New photos found: 5
New photos list:
- 20200206_162100.jpg
- 20200301_074154.jpg
- 20250122_171156.jpg
- 20250122_171229_001.jpg
- 20250122_171237_001.jpg

Batch grouping results:
Initial batches created: 1
Valid batches (after minimum size filter): 1
[5/15/2025 3:51:57 PM] LoadSession: Found 5 new photos, grouped into 1 valid batches.

[5/15/2025 5:42:59 PM] LoadSession Debug:
Total photos in folder: 5
Processed photos count: 0
New photos found: 5
New photos list:
- 20200206_162100.jpg
- 20200301_074154.jpg
- 20250122_171156.jpg
- 20250122_171229_001.jpg
- 20250122_171237_001.jpg

Batch grouping results:
Initial batches created: 1
Valid batches (after minimum size filter): 1
[5/15/2025 5:42:59 PM] LoadSession: Found 5 new photos, grouped into 1 valid batches.

[5/15/2025 5:43:26 PM] LoadSession Debug:
Total photos in folder: 5
Processed photos count: 0
New photos found: 5
New photos list:
- 20200206_162100.jpg
- 20200301_074154.jpg
- 20250122_171156.jpg
- 20250122_171229_001.jpg
- 20250122_171237_001.jpg

Batch grouping results:
Initial batches created: 1
Valid batches (after minimum size filter): 1
[5/15/2025 5:43:27 PM] LoadSession: Found 5 new photos, grouped into 1 valid batches.

[5/15/2025 5:44:06 PM] LoadSession Debug:
Total photos in folder: 4
Processed photos count: 0
New photos found: 4
New photos list:
- 20200206_162100.jpg
- 20200301_074154.jpg
- 20250122_171229_001.jpg
- 20250122_171237_001.jpg

Batch grouping results:
Initial batches created: 1
Valid batches (after minimum size filter): 1
[5/15/2025 5:44:06 PM] LoadSession: Found 4 new photos, grouped into 1 valid batches.

[5/15/2025 6:25:59 PM] LoadSession Debug:
Total photos in folder: 3
Processed photos count: 0
New photos found: 3
New photos list:
- 20200206_162100.jpg
- 20200206_162335.jpg
- 20200301_074154.jpg

Batch grouping results:
Initial batches created: 1
Valid batches (after minimum size filter): 1
[5/15/2025 6:25:59 PM] LoadSession: Found 3 new photos, grouped into 1 valid batches.
